<?xml version="1.0" encoding="UTF-8"?>
<testng-results ignored="0" total="1" passed="1" failed="0" skipped="0">
  <reporter-output>
  </reporter-output>
  <suite started-at="2021-04-28T19:35:39 IST" name="Suite" finished-at="2021-04-28T19:35:58 IST" duration-ms="19097">
    <groups>
    </groups>
    <test started-at="2021-04-28T19:35:39 IST" name="Test" finished-at="2021-04-28T19:35:58 IST" duration-ms="19097">
      <class name="TestMavenProject_Mavenproject.CookieEx">
        <test-method signature="pageloadcomplete()[pri:0, instance:TestMavenProject_Mavenproject.CookieEx@1e6454ec]" started-at="2021-04-28T19:35:39 IST" name="pageloadcomplete" finished-at="2021-04-28T19:35:58 IST" duration-ms="19003" status="PASS">
          <reporter-output>
          </reporter-output>
        </test-method> <!-- pageloadcomplete -->
      </class> <!-- TestMavenProject_Mavenproject.CookieEx -->
    </test> <!-- Test -->
  </suite> <!-- Suite -->
</testng-results>
